<?xml version="1.0" encoding="UTF-8"?>
<testsuite xmlns:xsi="http://www.w3.org/2001/XMLSchema-instance" xsi:noNamespaceSchemaLocation="https://maven.apache.org/surefire/maven-surefire-plugin/xsd/surefire-test-report.xsd" name="com.page.crawl.api.controller.test.PageCrawlControllerTest" time="0.427" tests="2" errors="0" skipped="0" failures="0">
  <properties>
[...]
</properties>
  <testcase name="testPageCrawl" classname="com.page.crawl.api.controller.test.PageCrawlControllerTest" time="0.229"/>
  <testcase name="testPageCrawlNullTest" classname="com.page.crawl.api.controller.test.PageCrawlControllerTest" time="0.007"/>
</testsuite>